16:30:26.643 [main] INFO  i.g.o.creds_read.CredsReader - Found 0 piece of login information in properties.
16:30:26.655 [main] INFO  i.g.o.creds_read.CredsReader - Found 2 pieces of login information in environment variables.
16:30:26.660 [main] INFO  i.g.o.creds_read.CredsReader - Found 0 piece of login information in file.
16:30:29.327 [main] DEBUG i.g.o.plaquette_mido_soap.Querier - Request: <?xml version="1.0" encoding="UTF-8" standalone="yes"?>
<ns2:select_Program xmlns:ns2="urn:ebx-schemas:dataservices_1.0">
    <branch>pvRefRof</branch>
    <instance>RefRof</instance>
    <predicate>ident = 'PRA4AMIA-100'</predicate>
</ns2:select_Program>
.
16:30:30.097 [main] DEBUG i.g.o.plaquette_mido_soap.Querier - Result: <?xml version="1.0" encoding="UTF-8" standalone="yes"?>
<ns3:select_ProgramResponse xmlns:ns2="urn:ebx-schemas:deployment_1.0" xmlns:ns3="urn:ebx-schemas:dataservices_1.0">
    <data>
        <root>
            <Program>
                <programID>FRUAI0750736TPRPRA4AMIA-100</programID>
                <programDescription>parcours</programDescription>
                <programName>Méthodes Informatiques Appliquées pour la Gestion des Entreprises - 1ère année de Master</programName>
                <refMention>FRUAI0750736TPRMEA5IFO</refMention>
                <programStructure>
                    <refProgram>FRUAI0750736TPRCPA4AMIA-100-S1</refProgram>
                    <refProgram>FRUAI0750736TPRCPA4AMIA-100-S2</refProgram>
                </programStructure>
                <ident>PRA4AMIA-100</ident>
                <learningObjectives>L'objectif de cette formation en apprentissage est de donner les bases nécessaires pour suivre un des parcours professionnels de deuxième année de master. Les cours sont similaires à ceux de la formation classique correspondante, mais ils sont proposés en alternance avec des périodes en entreprise selon un rythme d'alternance : une semaine à l'université / une semaine en entreprise. Les avantages de la formation sont nombreux, aussi bien pour l'étudiant que pour l'entreprise.
      </learningObjectives>
                <programCode>userDefined</programCode>
                <formalPrerequisites>
&lt;ul&gt;
&lt;li&gt;Titulaires d'un diplôme BAC+3 (180 crédits ECTS) ou équivalent à Dauphine, d’une université ou d’un autre établissement de l’enseignement supérieur dans les domaines suivants : Informatique, sciences et technologies, sciences de gestion&lt;/li&gt;
&lt;/ul&gt;</formalPrerequisites>
                <admissionInfo>L'admission se fait en 3 étapes : 
            &lt;ul&gt;
&lt;li&gt;Candidature en ligne&lt;/li&gt;
&lt;li&gt;Décision d'admissibilité pour les entretiens, sur la base du dossier de candidature&lt;/li&gt;
&lt;li&gt;Possibilité d'entretien avec les candidats admissibles, puis décision d'admission&lt;/li&gt;
&lt;/ul&gt; Deux sessions de candidatures sont organisées, l’une qui débute en avril, la seconde en juin. La 2ème session est exclusivement réservée aux étudiants n’ayant pas postulé à la 1ère session.
         </admissionInfo>
                <studyQualification>
&lt;ul&gt;
&lt;li&gt;Donner un sens pratique à sa formation universitaire,&lt;/li&gt;
&lt;li&gt;Accumuler de l'expérience et de l'ancienneté professionnelle,&lt;/li&gt;
&lt;li&gt;Compétences acquis en informatique pour la gestion et la décision,&lt;/li&gt;
&lt;li&gt;Disposer d'un contrat de travail offrant un statut au sein de l'entreprise et une rémunération.&lt;/li&gt;
&lt;/ul&gt;</studyQualification>
                <ects>60</ects>
                <teachingLang>fr</teachingLang>
                <studentStatus>Régime d'inscription4</studentStatus>
                <programManager>FRUAI0750736TPEIN711</programManager>
                <teachingPlace>Convention de coopération entre l’Université Paris Dauphine - PSL (PARIS), (FRANCE) et l’Université Saint-Joseph, (BEYROUTH), (LIBAN)
            &lt;br/&gt;
&lt;br/&gt; Une coopération avec l’Université Saint-Joseph à Beyrouth permet de délivrer un double diplôme de Master, avec le parcours MIAGE-SITN
            &lt;br/&gt; Les deux institutions jugent nécessaire d’établir des liens académiques réciproques de coopération et d’échange en créant, en effet, les instruments adéquats.
            &lt;br/&gt; Considérant la nécessité, pour les étudiants, de recevoir une formation différentes, mais complémentaire, d’une institution à l’autre, dans leur domaines de spécialisation et de prendre conscience de la dimension internationale des problèmes de gestion.
            &lt;br/&gt; Enfin, donner à leurs étudiants l’occasion, au cours de leurs études supérieures, de se familiariser avec la culture d’un autre peuple.
            &lt;br/&gt; L’étudiants ayant suivi au moins un semestre d’études dans l’autre institut bénéficiera, à l’issue de sa formation, d’un double diplôme : le diplôme de Master en Informatique de Gestion de l’Université Saint Joseph et le diplôme de Master en Système d’Information et Transformation Numérique de l’Université Paris Dauphine - PSL.
            &lt;br/&gt;
&lt;br/&gt; Chacune des deux universités co-contractantes s’engage à recevoir à l’année, autant que possible, d’une réciprocité dans les flux, des étudiants de l’autre institution pour un semestre d’étude.
            &lt;br/&gt;
&lt;br/&gt; Les étudiants candidats à ces échanges sont préalablement sélectionnés par chacunes des institutions concernées par cette convention, suivant les modalités et critères relevant de la responsabilités de chacune d'elles ; ils doivent, par ailleurs impérativement satisfaire aux procédures et critères de sélection mis en oeuvre par chacunes des unités de formation (D.F.R, Facultés, Départements, etc) susceptibles d'accueillir des étudiants de l'autre institution.
            &lt;br/&gt; L'admission définitive est prononcée par l'université d'accueil.
         </teachingPlace>
                <formOfTeaching>La formation démarre en septembre, dont la présence en cours est obligatoire.
         &lt;br/&gt; Les enseignements de la première année de Master mention Informatique parcours MIAGE en apprentissage sont organisés en semestre 1 et 2. Le semestre 1 est constitué d'un bloc fondamental 1 et d'un bloc communication, le semestre 2 est constitué d'un bloc fondamental 2, d'UE optionnelles et d'un bloc entreprise. A chaque UE est associé un certain nombre de crédits européens (ECTS) ; à chaque semestre est associée à la somme des ECTS associés aux UE composant le semestre.
         &lt;br/&gt; La note finale de première session du UE est obtenue par pondération entre des notes de contrôle continu, de projets, d'examens partiels et terminaux. La note de contrpole continu peut faire intervenir plusieurs éléments : projets, devoirs, interrogations écrites ou orales, et la note de participation... Toute UE pour laquelle l'étudiant a obtenu une note finale supérieure ou égale à 10/20 est définitivement acquise ainsi que les ECTS associés.
         &lt;br/&gt;
&lt;br/&gt; Un bloc est composé de plusieurs UE. A chaque bloc est attribuée une note finale. Un bloc dont la note finale est supérieure ou égale à 10/20 est définitivement acquis ainsi que tous les ECTS associés au bloc, sous réserve que la note finale de chaque UE composant le bloc soit supérieure ou égale à 5/20.
         &lt;br/&gt; Le semestre 1 est composé d'un bloc fondamental 1 et d'un bloc communication. Le semestre 2 est composé d'un bloc fondamental 2, d'UE optionnelles et d'un bloc entreprise. Un semestre est totalement acquis si toutes les conditions suivantes sont vérifiées : 
         &lt;ul&gt;
&lt;li&gt;Il est constitué d'au moins 30 ECTS et sa note finale est supérieure ou égale à 10/20&lt;/li&gt;
&lt;li&gt;La note finale de chaque bloc (fondamental ou communication) du semestre est supérieure ou égale à 10/20 sous réserve que la note finale de chaque UE constituant le bloc soit supérieure ou égale à 5/20&lt;/li&gt;
&lt;li&gt;La note finale de chaque UE optionnelle du semestre 2 est supérieure ou égale à 5/20&lt;/li&gt;
&lt;li&gt;La note finale du bloc entreprise pour la validation du semestre 2 est supérieure ou égale à 10/20&lt;/li&gt;
&lt;/ul&gt; La validation d'un semestre implique la validation de chaque UE de ce semestre et des ECTS associés.
         &lt;br/&gt; La validation du bloc entreprise ne peut intervenir qu'après soutenance du rapport d'activité professionnelle de l'étudiant.
         &lt;br/&gt; La validation d'une année entraîne la validation de chacun des deux semestres et de toutes les UE les composant ainsi que de tous les ECTS associés. Cette validation doit être constituée d'au moins 60 ECTS, si l'étudiant a obtenu une note supérieure ou égale à 10 dans chaque bloc, s'il a obtenu une note supérieure ou égale à 10 au bloc entreprise, et que la note finale de chaque UE composant l'année est supérieure ou égale à 5/20.
      </formOfTeaching>
                <possibleFollowUp>Cette première année conduit aux trois parcours de M2 professionnels qui sont proposés en apprentissage :
            &lt;br/&gt; MIAGE Informatique Décisionnelle (MIAGE-ID)
            &lt;br/&gt; MIAGE Informatique pour la Finance (MIAGE-IF)
            &lt;br/&gt; MIAGE Systèmes d'Information et Transformation Numérique (MIAGE-SITN)
            &lt;br/&gt;
&lt;br/&gt; A l'issue de ces cursus l'étudiant aura acquis un ensemble de compétences en informatique pour la gestion et la décision, très prisées dans de nombreux métiers du secteur tertiaire. Le recrutement intervient la plupart du temps avant même l'obtention du diplôme, avec des salaires annuels bruts compris en 30k€ ET 50k€. Les informations recueillies auprès des anciens diplômés des masters du département MIDO font apparaître un large éventail d'entreprises (administrations, banques, assurances, sociétés d'études, formation, etc...) au sein desquelles ces anciens étudiants occupent des activités qui dépendent du parcours choisie en 2ème année de Master.
            &lt;br/&gt; Ils deviennent par exemple experts, chargés d'études (R&amp;amp;D) ou chefs de projet en systèmes d'information, aide à la décision, traitement des masses de données, technologies logicielles, dans une banque, une société d'assurance, une grande entreprise, une Société de Service en Ingénierie Informatique (SSII), un organisme de recherche, d'étude et de sondage etc...
            &lt;br/&gt;  
         </possibleFollowUp>
                <globalVolume>0</globalVolume>
                <capacity>30</capacity>
            </Program>
        </root>
    </data>
</ns3:select_ProgramResponse>
.
16:30:30.118 [main] DEBUG i.g.o.plaquette_mido_soap.Querier - Request: <?xml version="1.0" encoding="UTF-8" standalone="yes"?>
<ns2:select_Program xmlns:ns2="urn:ebx-schemas:dataservices_1.0">
    <branch>pvRefRof</branch>
    <instance>RefRof</instance>
    <predicate>programID = 'FRUAI0750736TPRCPA4AMIA-100-S1'</predicate>
</ns2:select_Program>
.
16:30:30.322 [main] DEBUG i.g.o.plaquette_mido_soap.Querier - Result: <?xml version="1.0" encoding="UTF-8" standalone="yes"?>
<ns3:select_ProgramResponse xmlns:ns2="urn:ebx-schemas:deployment_1.0" xmlns:ns3="urn:ebx-schemas:dataservices_1.0">
    <data>
        <root>
            <Program>
                <programID>FRUAI0750736TPRCPA4AMIA-100-S1</programID>
                <programDescription>semestre</programDescription>
                <programName>Semestre 1</programName>
                <refMention>FRUAI0750736TPRMEA5IFO</refMention>
                <programStructure>
                    <refProgram>FRUAI0750736TPRCPA4AMIA-100-S1L1</refProgram>
                    <refProgram>FRUAI0750736TPRCPA4AMIAS1L2</refProgram>
                </programStructure>
                <ident>CPA4AMIA-100-S1</ident>
                <programCode>userDefined</programCode>
            </Program>
        </root>
    </data>
</ns3:select_ProgramResponse>
.
16:30:30.326 [main] DEBUG i.g.o.plaquette_mido_soap.Querier - Request: <?xml version="1.0" encoding="UTF-8" standalone="yes"?>
<ns2:select_Program xmlns:ns2="urn:ebx-schemas:dataservices_1.0">
    <branch>pvRefRof</branch>
    <instance>RefRof</instance>
    <predicate>programID = 'FRUAI0750736TPRCPA4AMIA-100-S2'</predicate>
</ns2:select_Program>
.
16:30:30.550 [main] DEBUG i.g.o.plaquette_mido_soap.Querier - Result: <?xml version="1.0" encoding="UTF-8" standalone="yes"?>
<ns3:select_ProgramResponse xmlns:ns2="urn:ebx-schemas:deployment_1.0" xmlns:ns3="urn:ebx-schemas:dataservices_1.0">
    <data>
        <root>
            <Program>
                <programID>FRUAI0750736TPRCPA4AMIA-100-S2</programID>
                <programDescription>semestre</programDescription>
                <programName>Semestre 2</programName>
                <refMention>FRUAI0750736TPRMEA5IFO</refMention>
                <programStructure>
                    <refProgram>FRUAI0750736TPRCPA4AMIA-100-S2L1</refProgram>
                    <refProgram>FRUAI0750736TPRCPA4AMIA-100-S2L2</refProgram>
                </programStructure>
                <ident>CPA4AMIA-100-S2</ident>
                <programCode>userDefined</programCode>
            </Program>
        </root>
    </data>
</ns3:select_ProgramResponse>
.
16:30:30.661 [main] DEBUG i.g.o.plaquette_mido_soap.Querier - Request: <?xml version="1.0" encoding="UTF-8" standalone="yes"?>
<ns2:select_Program xmlns:ns2="urn:ebx-schemas:dataservices_1.0">
    <branch>pvRefRof</branch>
    <instance>RefRof</instance>
    <predicate>programID = 'FRUAI0750736TPRCPA4AMIA-100-S1L1'</predicate>
</ns2:select_Program>
.
16:30:30.841 [main] DEBUG i.g.o.plaquette_mido_soap.Querier - Result: <?xml version="1.0" encoding="UTF-8" standalone="yes"?>
<ns3:select_ProgramResponse xmlns:ns2="urn:ebx-schemas:deployment_1.0" xmlns:ns3="urn:ebx-schemas:dataservices_1.0">
    <data>
        <root>
            <Program>
                <programID>FRUAI0750736TPRCPA4AMIA-100-S1L1</programID>
                <programDescription>parcours</programDescription>
                <programName>UE Obligatoires</programName>
                <refMention>FRUAI0750736TPRMEA5IFO</refMention>
                <programStructure>
                    <refCourse>FRUAI0750736TCOENA4AMIA-100-S1L1C4</refCourse>
                    <refCourse>FRUAI0750736TCOENA4AMIA-100-S1L1C2</refCourse>
                    <refCourse>FRUAI0750736TCOENA4AMIA-100-S1L1C1</refCourse>
                    <refCourse>FRUAI0750736TCOENA4AMIA-100-S1L1C5</refCourse>
                    <refCourse>FRUAI0750736TCOENA4AMIA-100-S1L1C6</refCourse>
                    <refCourse>FRUAI0750736TCOENA4AMIA-100-S1L1C8</refCourse>
                </programStructure>
                <ident>CPA4AMIA-100-S1L1</ident>
                <programCode>userDefined</programCode>
            </Program>
        </root>
    </data>
</ns3:select_ProgramResponse>
.
16:30:30.844 [main] DEBUG i.g.o.plaquette_mido_soap.Querier - Request: <?xml version="1.0" encoding="UTF-8" standalone="yes"?>
<ns2:select_Course xmlns:ns2="urn:ebx-schemas:dataservices_1.0">
    <branch>pvRefRof</branch>
    <instance>RefRof</instance>
    <predicate>courseID = 'FRUAI0750736TCOENA4AMIA-100-S1L1C4'</predicate>
</ns2:select_Course>
.
16:30:31.005 [main] DEBUG i.g.o.plaquette_mido_soap.Querier - Result: <?xml version="1.0" encoding="UTF-8" standalone="yes"?>
<ns3:select_CourseResponse xmlns:ns2="urn:ebx-schemas:deployment_1.0" xmlns:ns3="urn:ebx-schemas:dataservices_1.0">
    <data>
        <root>
            <Course>
                <courseID>FRUAI0750736TCOENA4AMIA-100-S1L1C4</courseID>
                <courseName>Programmation Objet avancée</courseName>
                <volume>0</volume>
                <ects>4</ects>
                <teachingLang>fr</teachingLang>
                <courseDescription>
&lt;p&gt;Introduction à la programmation object avancée.&lt;/p&gt;
&lt;p&gt;Introduction. Rappels des concepts : classes, héritage, interface, énumérations, exceptions.
               &lt;br/&gt; Définition et utilisations des classes internes et anonymes
               &lt;br/&gt; Application au traitement des collections.
               &lt;br/&gt; Types paramétrés et wildcards.
               &lt;br/&gt; Traitement des processus (thread). Introduction à la programmation de tâches s’exécutant en parallèle. Gestion de ressources partagées entre processus
            &lt;/p&gt;
&lt;p/&gt;</courseDescription>
                <coefficient>
&lt;p&gt;Capitalisation : Non&lt;/p&gt;
&lt;br/&gt;</coefficient>
                <managingTeacher>FRUAI0750736TPEIN711</managingTeacher>
            </Course>
        </root>
    </data>
</ns3:select_CourseResponse>
.
16:30:31.105 [main] DEBUG i.g.o.plaquette_mido_soap.Querier - Request: <?xml version="1.0" encoding="UTF-8" standalone="yes"?>
<ns2:select_Course xmlns:ns2="urn:ebx-schemas:dataservices_1.0">
    <branch>pvRefRof</branch>
    <instance>RefRof</instance>
    <predicate>courseID = 'FRUAI0750736TCOENA4AMIA-100-S1L1C2'</predicate>
</ns2:select_Course>
.
16:30:31.262 [main] DEBUG i.g.o.plaquette_mido_soap.Querier - Result: <?xml version="1.0" encoding="UTF-8" standalone="yes"?>
<ns3:select_CourseResponse xmlns:ns2="urn:ebx-schemas:deployment_1.0" xmlns:ns3="urn:ebx-schemas:dataservices_1.0">
    <data>
        <root>
            <Course>
                <courseID>FRUAI0750736TCOENA4AMIA-100-S1L1C2</courseID>
                <courseName>Intelligence artificielle</courseName>
                <volume>0</volume>
                <ects>3</ects>
                <teachingLang>fr</teachingLang>
                <courseDescription>Introduction aux outils et aux méthodes de résolution de l’intelligence artificielle.
            &lt;br/&gt;
&lt;br/&gt; 1) Apprentissage d'un langage fonctionnel LISP ou Scheme.
            &lt;br/&gt; 2) Méthodes de résolution de problèmes : algorithmes de recherche dans un graphe d’états.
            &lt;br/&gt; 3) Jeux à deux joueurs : mini-max et alpha-béta.
            &lt;br/&gt; 4) Systèmes Experts. Utilisation d’un générateur de systèmes experts.
         </courseDescription>
                <syllabus>
&lt;p&gt;Artificial Intelligence, A Modern Approach, Norvig et Russel (en anglais) Intelligence artificielle /Stuart J. Russell, Peter Norvig (en français) Expert systems : principles and programming, Joseph Giarratano, Gary Riley&lt;/p&gt;</syllabus>
                <coefficient>
&lt;p&gt;Capitalisation : Non&lt;/p&gt;
&lt;br/&gt;</coefficient>
                <managingTeacher>FRUAI0750736TPEIN1122</managingTeacher>
            </Course>
        </root>
    </data>
</ns3:select_CourseResponse>
.
16:30:31.266 [main] DEBUG i.g.o.plaquette_mido_soap.Querier - Request: <?xml version="1.0" encoding="UTF-8" standalone="yes"?>
<ns2:select_Course xmlns:ns2="urn:ebx-schemas:dataservices_1.0">
    <branch>pvRefRof</branch>
    <instance>RefRof</instance>
    <predicate>courseID = 'FRUAI0750736TCOENA4AMIA-100-S1L1C1'</predicate>
</ns2:select_Course>
.
16:30:31.423 [main] DEBUG i.g.o.plaquette_mido_soap.Querier - Result: <?xml version="1.0" encoding="UTF-8" standalone="yes"?>
<ns3:select_CourseResponse xmlns:ns2="urn:ebx-schemas:deployment_1.0" xmlns:ns3="urn:ebx-schemas:dataservices_1.0">
    <data>
        <root>
            <Course>
                <courseID>FRUAI0750736TCOENA4AMIA-100-S1L1C1</courseID>
                <courseName>Introduction au Machine Learning</courseName>
                <volume>0</volume>
                <ects>4</ects>
                <teachingLang>fr</teachingLang>
                <courseDescription>Ce cours constitue une introduction à l’apprentissage artificiel. Nous ferons des rappels de statistiques élémentaires et y aborderons les algorithmes fondamentaux d’apprentissage supervisé et non supervisé.
            &lt;br/&gt; 1) apprentissage supervisé:
            &lt;br/&gt; K-plus proches voisins,
            &lt;br/&gt; Analyse discriminante linéaire et quadratique
            &lt;br/&gt; méthode bayésienne naïve,
            &lt;br/&gt; régression logistique
            &lt;br/&gt; 2) apprentissage non supervisé:
            &lt;br/&gt; classification hiérarchique,
            &lt;br/&gt; nuées dynamiques,
            &lt;br/&gt; mixtures de gaussiennes
         </courseDescription>
                <coefficient>
&lt;p&gt;Capitalisation : Non&lt;/p&gt;
&lt;br/&gt;</coefficient>
                <managingTeacher>FRUAI0750736TPEIN1122</managingTeacher>
            </Course>
        </root>
    </data>
</ns3:select_CourseResponse>
.
16:30:31.427 [main] DEBUG i.g.o.plaquette_mido_soap.Querier - Request: <?xml version="1.0" encoding="UTF-8" standalone="yes"?>
<ns2:select_Course xmlns:ns2="urn:ebx-schemas:dataservices_1.0">
    <branch>pvRefRof</branch>
    <instance>RefRof</instance>
    <predicate>courseID = 'FRUAI0750736TCOENA4AMIA-100-S1L1C5'</predicate>
</ns2:select_Course>
.
16:30:31.582 [main] DEBUG i.g.o.plaquette_mido_soap.Querier - Result: <?xml version="1.0" encoding="UTF-8" standalone="yes"?>
<ns3:select_CourseResponse xmlns:ns2="urn:ebx-schemas:deployment_1.0" xmlns:ns3="urn:ebx-schemas:dataservices_1.0">
    <data>
        <root>
            <Course>
                <courseID>FRUAI0750736TCOENA4AMIA-100-S1L1C5</courseID>
                <courseName>Systèmes de gestion de bases de données</courseName>
                <volume>0</volume>
                <ects>4</ects>
                <teachingLang>fr</teachingLang>
                <courseDescription>
&lt;p&gt;L’objectif de ce cours est de couvrir les techniques internes des systèmes de gestion de base de données (SGBD) qui sont responsables de l'optimisation de l'evaluation de requêtes SQL.&lt;/p&gt;
&lt;p&gt;Une partie importante de ces données sont structurées et la manière dont nous y accédons, les gérons et les traitons a un impact considérable sur les performances et la fiabilité des applications manipulant les bases de données. La connaissance du modèle d'entités-associations, du modele relationnelle, de l'algèbre relationnelle et du langage de requête SQL n'est en aucun cas suffisante pour garantir des performances raisonnables et la fiabilité de telles applications.&lt;/p&gt;
&lt;p&gt;L’objectif de ce cours est donc de couvrir les techniques internes des systèmes de gestion de base de données (SGBD) qui sont responsables de l'optimisation de l'evaluation de requêtes SQL. Le cours présente premièrement l’architecture typique d'un SGBD relationnel, puis examine en détail les algorithmes et les structures de données utilisés pour implémenter les modules de cette architecture, y compris la gestion de la mémoire permanente, la gestion de la mémoire volatile, les structures de stockage, les méthodes d’accès, et l'optimisation de requête basée sur un modele de coût d'execution.&lt;/p&gt;
&lt;p&gt;Le cours comprend un certain nombre d'exercices (TD) et d'exercices pratiques (TP) dans lesquels les étudiants auront l'occasion d'explorer et de mettre en œuvre les fonctionnalités de certains modules du SGBD.&lt;/p&gt;
&lt;p/&gt;</courseDescription>
                <coefficient>
&lt;p&gt;Capitalisation : Non&lt;/p&gt;
&lt;br/&gt;</coefficient>
                <managingTeacher>FRUAI0750736TPEIN711</managingTeacher>
            </Course>
        </root>
    </data>
</ns3:select_CourseResponse>
.
16:30:31.588 [main] DEBUG i.g.o.plaquette_mido_soap.Querier - Request: <?xml version="1.0" encoding="UTF-8" standalone="yes"?>
<ns2:select_Course xmlns:ns2="urn:ebx-schemas:dataservices_1.0">
    <branch>pvRefRof</branch>
    <instance>RefRof</instance>
    <predicate>courseID = 'FRUAI0750736TCOENA4AMIA-100-S1L1C6'</predicate>
</ns2:select_Course>
.
16:30:31.741 [main] DEBUG i.g.o.plaquette_mido_soap.Querier - Result: <?xml version="1.0" encoding="UTF-8" standalone="yes"?>
<ns3:select_CourseResponse xmlns:ns2="urn:ebx-schemas:deployment_1.0" xmlns:ns3="urn:ebx-schemas:dataservices_1.0">
    <data>
        <root>
            <Course>
                <courseID>FRUAI0750736TCOENA4AMIA-100-S1L1C6</courseID>
                <courseName>Systèmes d'information avancés 1</courseName>
                <volume>0</volume>
                <ects>3</ects>
                <teachingLang>fr</teachingLang>
                <courseDescription>
&lt;p&gt;Introduction aux systèmes d'information avancés.&lt;/p&gt;
&lt;p&gt;- Gestion de projet (3 séances de 3 heures)
               &lt;br/&gt; - Gestion des exigences (une séance )
               &lt;br/&gt; - Design Patterns (6 Séances).
            &lt;/p&gt;
&lt;p/&gt;</courseDescription>
                <coefficient>
&lt;p&gt;Capitalisation : Non&lt;/p&gt;
&lt;br/&gt;</coefficient>
                <managingTeacher>FRUAI0750736TPEIN711</managingTeacher>
            </Course>
        </root>
    </data>
</ns3:select_CourseResponse>
.
16:30:31.744 [main] DEBUG i.g.o.plaquette_mido_soap.Querier - Request: <?xml version="1.0" encoding="UTF-8" standalone="yes"?>
<ns2:select_Course xmlns:ns2="urn:ebx-schemas:dataservices_1.0">
    <branch>pvRefRof</branch>
    <instance>RefRof</instance>
    <predicate>courseID = 'FRUAI0750736TCOENA4AMIA-100-S1L1C8'</predicate>
</ns2:select_Course>
.
16:30:31.895 [main] DEBUG i.g.o.plaquette_mido_soap.Querier - Result: <?xml version="1.0" encoding="UTF-8" standalone="yes"?>
<ns3:select_CourseResponse xmlns:ns2="urn:ebx-schemas:deployment_1.0" xmlns:ns3="urn:ebx-schemas:dataservices_1.0">
    <data>
        <root>
            <Course>
                <courseID>FRUAI0750736TCOENA4AMIA-100-S1L1C8</courseID>
                <courseName>Systèmes et algorithmiques répartis</courseName>
                <volume>0</volume>
                <ects>4</ects>
                <teachingLang>fr</teachingLang>
                <courseDescription>
&lt;p&gt; Ce cours vise à présenter les concepts élémentaires des systèmes et les algorithmes associés aux environnements répartis
               &lt;br/&gt; Introduction aux systèmes répartis
            &lt;/p&gt;
&lt;p&gt;Les applications réparties s'exécutent sur un ensemble de machines connectées en réseau. Elles représentent un ensemble de composants qui coopèrent pour réaliser un objectif commun en utilisant le réseau comme un moyen d'échanger des données. Ce cours vise à présenter les concepts élémentaires des systèmes et les algorithmes associés aux environnements répartis
               &lt;br/&gt; Introduction aux systèmes répartis
               &lt;br/&gt; Principe et fonctionnement des appels de procédure à distance (RPC)
               &lt;br/&gt; Mise en œuvre de la communication à distance en utilisant la couche réseaux (RMI) en Java,
               &lt;br/&gt; Introduction à l’algorithmique répartie
               &lt;br/&gt; Présentation du modèle de répartition basé sur les échanges de messages
               &lt;br/&gt; Présentation des concepts liés à la communication: contrôle de flux, synchronisation de processus, relation de causalité, réseaux FIFO
               &lt;br/&gt; Présentation des concepts liés au temps et à la concurrence : horloges logiques, exclusion mutuelle.
            &lt;/p&gt;</courseDescription>
                <syllabus>
&lt;p&gt;Systèmes d'exploitation, systèmes centralisés, systèmes distribués, A. Tanenbaum,
            &lt;br/&gt; Dunod-Prentice Hall, 1994
         &lt;/p&gt;
&lt;p&gt;La communication et le temps dans les réseaux et les systèmes répartis, M. Raynal,
            &lt;br/&gt; Collection Direction des Etudes et des Recherches d'EDF n°75, Hermès, 1991
         &lt;/p&gt;
&lt;p/&gt;</syllabus>
                <coefficient>
&lt;p&gt;Capitalisation : Non&lt;/p&gt;
&lt;br/&gt;</coefficient>
                <managingTeacher>FRUAI0750736TPEIN711</managingTeacher>
            </Course>
        </root>
    </data>
</ns3:select_CourseResponse>
.
16:30:31.899 [main] DEBUG i.g.o.plaquette_mido_soap.Querier - Request: <?xml version="1.0" encoding="UTF-8" standalone="yes"?>
<ns2:select_Program xmlns:ns2="urn:ebx-schemas:dataservices_1.0">
    <branch>pvRefRof</branch>
    <instance>RefRof</instance>
    <predicate>programID = 'FRUAI0750736TPRCPA4AMIAS1L2'</predicate>
</ns2:select_Program>
.
16:30:32.049 [main] DEBUG i.g.o.plaquette_mido_soap.Querier - Result: <?xml version="1.0" encoding="UTF-8" standalone="yes"?>
<ns3:select_ProgramResponse xmlns:ns2="urn:ebx-schemas:deployment_1.0" xmlns:ns3="urn:ebx-schemas:dataservices_1.0">
    <data>
        <root>
            <Program>
                <programID>FRUAI0750736TPRCPA4AMIAS1L2</programID>
                <programDescription>parcours</programDescription>
                <programName>Bloc UE d'application</programName>
                <refMention>FRUAI0750736TPRMEA5IFO</refMention>
                <programStructure>
                    <refCourse>FRUAI0750736TCOENA4AMIA-100-S1L1C7</refCourse>
                    <refCourse>FRUAI0750736TCOENA4AMIA-100-S1L1C3</refCourse>
                    <refCourse>FRUAI0750736TCOENA4AMIA-100-S1L1C9</refCourse>
                </programStructure>
                <ident>CPA4AMIAS1L2</ident>
                <programCode>userDefined</programCode>
            </Program>
        </root>
    </data>
</ns3:select_ProgramResponse>
.
16:30:32.051 [main] DEBUG i.g.o.plaquette_mido_soap.Querier - Request: <?xml version="1.0" encoding="UTF-8" standalone="yes"?>
<ns2:select_Course xmlns:ns2="urn:ebx-schemas:dataservices_1.0">
    <branch>pvRefRof</branch>
    <instance>RefRof</instance>
    <predicate>courseID = 'FRUAI0750736TCOENA4AMIA-100-S1L1C7'</predicate>
</ns2:select_Course>
.
16:30:32.199 [main] DEBUG i.g.o.plaquette_mido_soap.Querier - Result: <?xml version="1.0" encoding="UTF-8" standalone="yes"?>
<ns3:select_CourseResponse xmlns:ns2="urn:ebx-schemas:deployment_1.0" xmlns:ns3="urn:ebx-schemas:dataservices_1.0">
    <data>
        <root>
            <Course>
                <courseID>FRUAI0750736TCOENA4AMIA-100-S1L1C7</courseID>
                <courseName>Notions générales de Droit</courseName>
                <volume>0</volume>
                <ects>3</ects>
                <teachingLang>fr</teachingLang>
                <courseDescription>
&lt;p&gt;Permettre aux étudiants de découvrir les fondements du droit français et de se familiariser avec les principaux concepts ainsi qu’avec les grandes classifications du droit positif afin de prendre conscience des spécificités du droit de l’entreprise. &lt;/p&gt;
&lt;p&gt;Présentation du droit : organisation, sanction, régulation 
               &lt;br/&gt; Notions générales de base : droit privé/droit public, sujets/objets, droit impératif/droit supplétif 
               &lt;br/&gt; Sources de droit : droit interne, droit européen, droit international 
               &lt;br/&gt; Droit de la preuve : modes de preuve, charge de la preuve, originalité du droit commercial par rapport au droit civil 
               &lt;br/&gt; Justice en France : ordre judiciaire, ordre administratif, règles de compétences en matière de droit des affaires 
               &lt;br/&gt; Droit des contrats et responsabilité contractuelle : contrats d’affaires Droit des sociétés : structure des entreprises 
               &lt;br/&gt; Études de cas
            &lt;/p&gt;
&lt;p/&gt;</courseDescription>
                <coefficient>
&lt;p&gt;Capitalisation : Non&lt;/p&gt;
&lt;br/&gt;</coefficient>
                <managingTeacher>FRUAI0750736TPEIN711</managingTeacher>
            </Course>
        </root>
    </data>
</ns3:select_CourseResponse>
.
16:30:32.203 [main] DEBUG i.g.o.plaquette_mido_soap.Querier - Request: <?xml version="1.0" encoding="UTF-8" standalone="yes"?>
<ns2:select_Course xmlns:ns2="urn:ebx-schemas:dataservices_1.0">
    <branch>pvRefRof</branch>
    <instance>RefRof</instance>
    <predicate>courseID = 'FRUAI0750736TCOENA4AMIA-100-S1L1C3'</predicate>
</ns2:select_Course>
.
16:30:32.360 [main] DEBUG i.g.o.plaquette_mido_soap.Querier - Result: <?xml version="1.0" encoding="UTF-8" standalone="yes"?>
<ns3:select_CourseResponse xmlns:ns2="urn:ebx-schemas:deployment_1.0" xmlns:ns3="urn:ebx-schemas:dataservices_1.0">
    <data>
        <root>
            <Course>
                <courseID>FRUAI0750736TCOENA4AMIA-100-S1L1C3</courseID>
                <courseName>Marketing</courseName>
                <volume>0</volume>
                <ects>3</ects>
                <teachingLang>fr</teachingLang>
                <courseDescription>
&lt;p&gt;Familiariser les étudiants avec les concepts de marketing et leur permettre d'avoir une vision critique sur le fonctionnement des marchés, des entreprises et de leurs
               &lt;br/&gt; actions.
            &lt;/p&gt;
&lt;p&gt;Présentation du marketing
               &lt;br/&gt; Présentation de la démarche marketing
               &lt;br/&gt; La stratégie marketing, de segmentation, de positionnement
               &lt;br/&gt; Les études et recherches en marketing, qualitatives, quantitatives
               &lt;br/&gt; Le comportement du consommateur
               &lt;br/&gt; Les politiques marketing, produit, de prix, de communication, de distribution
               &lt;br/&gt; Le marketing international
               &lt;br/&gt; Études de cas
            &lt;/p&gt;
&lt;p/&gt;</courseDescription>
                <syllabus>
&lt;p&gt;L'essentiel du Marketing, E. Vernette, Editions d'Organisation, 2ème édition, 2002
            &lt;br/&gt; Marketing Management , adaptation française de Ph. Kotler et D. Manceau, 10ème édition, Paris, Publi-Union, 2004
            &lt;br/&gt; Études et Recherches en Marketing, Fondements et Méthodes, Y. Evrard, B. Pras et E. Roux, Dunod, 2000
            &lt;br/&gt; Marketing, J.-P. Helfer, J.-M. Orsoni, 8ème édition, Vuibert, 2003
            &lt;br/&gt; Revues : Recherches et Applications Marketing (AFM), Décisions Marketing (AFM), Revue Française du Marketing (ADETEM)
            &lt;br/&gt; Le Mercator, L. Levy, Dunod, 11ème édition, 2014.
         &lt;/p&gt;
&lt;p/&gt;</syllabus>
                <coefficient>
&lt;p&gt;Capitalisation : Non&lt;/p&gt;
&lt;br/&gt;</coefficient>
                <managingTeacher>FRUAI0750736TPEIN711</managingTeacher>
            </Course>
        </root>
    </data>
</ns3:select_CourseResponse>
.
16:30:32.367 [main] DEBUG i.g.o.plaquette_mido_soap.Querier - Request: <?xml version="1.0" encoding="UTF-8" standalone="yes"?>
<ns2:select_Course xmlns:ns2="urn:ebx-schemas:dataservices_1.0">
    <branch>pvRefRof</branch>
    <instance>RefRof</instance>
    <predicate>courseID = 'FRUAI0750736TCOENA4AMIA-100-S1L1C9'</predicate>
</ns2:select_Course>
.
16:30:32.534 [main] DEBUG i.g.o.plaquette_mido_soap.Querier - Result: <?xml version="1.0" encoding="UTF-8" standalone="yes"?>
<ns3:select_CourseResponse xmlns:ns2="urn:ebx-schemas:deployment_1.0" xmlns:ns3="urn:ebx-schemas:dataservices_1.0">
    <data>
        <root>
            <Course>
                <courseID>FRUAI0750736TCOENA4AMIA-100-S1L1C9</courseID>
                <courseName>Anglais 1</courseName>
                <volume>0</volume>
                <ects>2</ects>
                <teachingLang>fr</teachingLang>
                <courseDescription>
&lt;p&gt;Fournir aux étudiants les outils linguistiques nécessaires pour fonctionner efficacement dans l'entreprise et avec leurs partenaires européens.&lt;/p&gt;
&lt;p&gt;Expression orale / écrite : anglais des affaires, faire un compte rendu oral en public, rédiger, lettres, rapports, résumé de conférences, réunions.&lt;/p&gt;
&lt;p&gt;Préparation au TOEIC : Test of English for International Communication.
               &lt;br/&gt; Traduction Economique : Familiariser les étudiants avec la terminologie économique à partir de thèmes d'actualité. Travail en laboratoire et/ou en salle audiovisuelle à partir de documents authentiques.
            &lt;/p&gt;
&lt;p/&gt;</courseDescription>
                <coefficient>
&lt;p&gt;Capitalisation : Non&lt;/p&gt;
&lt;br/&gt;</coefficient>
                <managingTeacher>FRUAI0750736TPEIN711</managingTeacher>
            </Course>
        </root>
    </data>
</ns3:select_CourseResponse>
.
16:30:32.538 [main] DEBUG i.g.o.plaquette_mido_soap.Querier - Request: <?xml version="1.0" encoding="UTF-8" standalone="yes"?>
<ns2:select_Program xmlns:ns2="urn:ebx-schemas:dataservices_1.0">
    <branch>pvRefRof</branch>
    <instance>RefRof</instance>
    <predicate>programID = 'FRUAI0750736TPRCPA4AMIA-100-S2L1'</predicate>
</ns2:select_Program>
.
16:30:32.720 [main] DEBUG i.g.o.plaquette_mido_soap.Querier - Result: <?xml version="1.0" encoding="UTF-8" standalone="yes"?>
<ns3:select_ProgramResponse xmlns:ns2="urn:ebx-schemas:deployment_1.0" xmlns:ns3="urn:ebx-schemas:dataservices_1.0">
    <data>
        <root>
            <Program>
                <programID>FRUAI0750736TPRCPA4AMIA-100-S2L1</programID>
                <programDescription>parcours</programDescription>
                <programName>UE Obligatoires</programName>
                <refMention>FRUAI0750736TPRMEA5IFO</refMention>
                <programStructure>
                    <refCourse>FRUAI0750736TCOENA4AMIA-100-S2L1C1</refCourse>
                    <refCourse>FRUAI0750736TCOENA4AMIA-100-S2L1C4</refCourse>
                    <refCourse>FRUAI0750736TCOENA4AMIA-100-S2L1C5</refCourse>
                    <refCourse>FRUAI0750736TCOENA4AMIA-100-S2L1C6</refCourse>
                    <refCourse>FRUAI0750736TCOENA4AMIA-100-S2L1C3</refCourse>
                    <refCourse>FRUAI0750736TCOENA4AMIA-100-S2L1C2</refCourse>
                    <refCourse>FRUAI0750736TCOENA4AMIA-100-S2L1C7</refCourse>
                    <refCourse>FRUAI0750736TCOENA4AMIA-100-S2L1C8</refCourse>
                </programStructure>
                <ident>CPA4AMIA-100-S2L1</ident>
                <programCode>userDefined</programCode>
            </Program>
        </root>
    </data>
</ns3:select_ProgramResponse>
.
16:30:32.723 [main] DEBUG i.g.o.plaquette_mido_soap.Querier - Request: <?xml version="1.0" encoding="UTF-8" standalone="yes"?>
<ns2:select_Course xmlns:ns2="urn:ebx-schemas:dataservices_1.0">
    <branch>pvRefRof</branch>
    <instance>RefRof</instance>
    <predicate>courseID = 'FRUAI0750736TCOENA4AMIA-100-S2L1C1'</predicate>
</ns2:select_Course>
.
16:30:32.875 [main] DEBUG i.g.o.plaquette_mido_soap.Querier - Result: <?xml version="1.0" encoding="UTF-8" standalone="yes"?>
<ns3:select_CourseResponse xmlns:ns2="urn:ebx-schemas:deployment_1.0" xmlns:ns3="urn:ebx-schemas:dataservices_1.0">
    <data>
        <root>
            <Course>
                <courseID>FRUAI0750736TCOENA4AMIA-100-S2L1C1</courseID>
                <courseName>Analyse financière</courseName>
                <volume>0</volume>
                <ects>3</ects>
                <teachingLang>fr</teachingLang>
                <courseDescription>
&lt;p&gt;Introduction de notions de comptabilités générales et de mathématiques financières nécessaires à l’analyse financière et présentation de l’analyse du compte de résultat et du bilan financier.&lt;/p&gt;
&lt;p&gt;Calcul financier : actualisation et capitalisation, analyse des emprunts et élément pour la décision de financement. Analyse du compte résultat : les soldes intermédiaires de gestion
               &lt;br/&gt; (SIG), la valeur ajoutée, retraitement du crédit-bail, le financement interne et la CAF.
               &lt;br/&gt; Analyse de bilan financier - approche Liquidité/Exigibilité : l’affectation du résultat, retraitement du crédit-bail, Le bilan résumé, la relation statique d’équilibre financier (T = FR – BFR), la trésorerie potentielle.
               &lt;br/&gt; Méthode des ratios : les principes de l’analyse par la méthode des ratios, les principaux ratios (structure du bilan, équilibre financier, gestion, marges), les ratios spécifiques à l’analyse boursière.
               &lt;br/&gt; Analyse des flux financiers : la reconstitution des flux financiers, les emplois et les ressources, la construction d’un tableau de financement, la construction d’un tableau des flux de trésorerie, interprétation et analyse.
               &lt;br/&gt; Analyse des rentabilités : mesure comptable de la rentabilité économique, mesure comptable de la rentabilité financière, L’effet de levier financier.
            &lt;/p&gt;
&lt;p/&gt;</courseDescription>
                <syllabus>
&lt;p&gt;Comptabilité générale (ENRON, normes IAS /IFRS), B. Colasse, Economica 2006,
            &lt;br/&gt; Système comptable français et normes IFRS, Collette C. et Richard J., Dunod 2006
            &lt;br/&gt; Exercices de comptabilité générale, Dumanalède E., Plein Pot, Foucher 2005
            &lt;br/&gt; Comptabilité générale, Grandguillot B et F., Gualino, 2006
            &lt;br/&gt; Finance d’entreprise, P. Vernimmen, Dalloz, 2006
            &lt;br/&gt; Finance d’entreprise, J. Pilverdier, Economica 2002
            &lt;br/&gt; Diagnostic financier, L. Batsch, ECONOMICA, 2000
            &lt;br/&gt; L’analyse financière de l’entreprise, B. Colasse, La Découverte, 2000
         &lt;/p&gt;</syllabus>
                <coefficient>
&lt;p&gt;Capitalisation : Non&lt;/p&gt;
&lt;br/&gt;</coefficient>
                <managingTeacher>FRUAI0750736TPEIN711</managingTeacher>
            </Course>
        </root>
    </data>
</ns3:select_CourseResponse>
.
16:30:32.879 [main] DEBUG i.g.o.plaquette_mido_soap.Querier - Request: <?xml version="1.0" encoding="UTF-8" standalone="yes"?>
<ns2:select_Course xmlns:ns2="urn:ebx-schemas:dataservices_1.0">
    <branch>pvRefRof</branch>
    <instance>RefRof</instance>
    <predicate>courseID = 'FRUAI0750736TCOENA4AMIA-100-S2L1C4'</predicate>
</ns2:select_Course>
.
16:30:33.026 [main] DEBUG i.g.o.plaquette_mido_soap.Querier - Result: <?xml version="1.0" encoding="UTF-8" standalone="yes"?>
<ns3:select_CourseResponse xmlns:ns2="urn:ebx-schemas:deployment_1.0" xmlns:ns3="urn:ebx-schemas:dataservices_1.0">
    <data>
        <root>
            <Course>
                <courseID>FRUAI0750736TCOENA4AMIA-100-S2L1C4</courseID>
                <courseName>Systèmes d'information avancés 2</courseName>
                <volume>0</volume>
                <ects>3</ects>
                <teachingLang>fr</teachingLang>
                <courseDescription>Apporter des compléments en architecture et en urbanisation des systèmes d’information et mettre en application les concepts introduits au premier semestre en conduite de projet sous forme d’un projet mené par équipe de 3 à 4 étudiants. Architecture orienté service (SOA) 
            &lt;br/&gt; Urbanisme et processus métier : introduction aux processus métiers, les constats, les limites du fonctionnement en silo, quelques règles de description des processus et des activités, règles de découpage et niveau de maille, l’apport d’une démarche d’urbanisation au niveau métier. 
            &lt;br/&gt; Les référentiels dans l’urbanisation des SI 
            &lt;br/&gt; Organisation de la conduite d'un projet informatique (PAQ, Estimation des charges, Planification...) 
            &lt;br/&gt; Application sous forme d’un projet qui s’effectue dans les conditions semblables à un projet informatique avec l'utilisation d'un Atelier Génie Logiciel et donnant lieu à la remise de dossiers d'analyse et de dossiers techniques ; réunions d'avancement de projet, séances de validation des choix fonctionnels et des orientations techniques, recette de l'application.
         </courseDescription>
                <coefficient>
&lt;p&gt;Capitalisation : Non&lt;/p&gt;
&lt;br/&gt;</coefficient>
                <managingTeacher>FRUAI0750736TPEIN1122</managingTeacher>
            </Course>
        </root>
    </data>
</ns3:select_CourseResponse>
.
16:30:33.029 [main] DEBUG i.g.o.plaquette_mido_soap.Querier - Request: <?xml version="1.0" encoding="UTF-8" standalone="yes"?>
<ns2:select_Course xmlns:ns2="urn:ebx-schemas:dataservices_1.0">
    <branch>pvRefRof</branch>
    <instance>RefRof</instance>
    <predicate>courseID = 'FRUAI0750736TCOENA4AMIA-100-S2L1C5'</predicate>
</ns2:select_Course>
.
16:30:33.174 [main] DEBUG i.g.o.plaquette_mido_soap.Querier - Result: <?xml version="1.0" encoding="UTF-8" standalone="yes"?>
<ns3:select_CourseResponse xmlns:ns2="urn:ebx-schemas:deployment_1.0" xmlns:ns3="urn:ebx-schemas:dataservices_1.0">
    <data>
        <root>
            <Course>
                <courseID>FRUAI0750736TCOENA4AMIA-100-S2L1C5</courseID>
                <courseName>Éthique en informatique et protection des données</courseName>
                <volume>0</volume>
                <ects>1</ects>
                <teachingLang>fr</teachingLang>
                <courseDescription>
&lt;p&gt;Objectif de ce cours est de sensibiliser les étudiants au regard de techniques de manipulation et d’introduire à la problématique de la protection et traitement des données et à ses conséquences sur les individus.&lt;/p&gt;
&lt;p/&gt;
&lt;ul&gt;
&lt;li&gt;Validité des données et pièges statistiques&lt;/li&gt;
&lt;li&gt;Propriété des données&lt;/li&gt;
&lt;li&gt;Les systèmes de régulation de la protection des données&lt;/li&gt;
&lt;li&gt;Les textes applicables dans l'Union européenne et en France : les grands principes et définitions juridiques de la protection des données à caractère personnel&lt;/li&gt;
&lt;li&gt;Nudge theory&lt;/li&gt;
&lt;li&gt;Conséquences sur la société (privacy, surveillance, ’ossification’…)&lt;/li&gt;
&lt;/ul&gt;
&lt;p/&gt;</courseDescription>
                <coefficient>
&lt;p&gt;Capitalisation : Non&lt;/p&gt;
&lt;br/&gt;</coefficient>
                <managingTeacher>FRUAI0750736TPEIN711</managingTeacher>
            </Course>
        </root>
    </data>
</ns3:select_CourseResponse>
.
16:30:33.180 [main] DEBUG i.g.o.plaquette_mido_soap.Querier - Request: <?xml version="1.0" encoding="UTF-8" standalone="yes"?>
<ns2:select_Course xmlns:ns2="urn:ebx-schemas:dataservices_1.0">
    <branch>pvRefRof</branch>
    <instance>RefRof</instance>
    <predicate>courseID = 'FRUAI0750736TCOENA4AMIA-100-S2L1C6'</predicate>
</ns2:select_Course>
.
16:30:33.338 [main] DEBUG i.g.o.plaquette_mido_soap.Querier - Result: <?xml version="1.0" encoding="UTF-8" standalone="yes"?>
<ns3:select_CourseResponse xmlns:ns2="urn:ebx-schemas:deployment_1.0" xmlns:ns3="urn:ebx-schemas:dataservices_1.0">
    <data>
        <root>
            <Course>
                <courseID>FRUAI0750736TCOENA4AMIA-100-S2L1C6</courseID>
                <courseName>Jeu d’entreprise</courseName>
                <volume>0</volume>
                <ects>1</ects>
                <teachingLang>fr</teachingLang>
                <courseDescription>
&lt;p&gt;Application des concepts de l’analyse financière sur un logiciel de simulation.&lt;/p&gt;</courseDescription>
                <coefficient>
&lt;p&gt;Capitalisation : Non&lt;/p&gt;
&lt;br/&gt;</coefficient>
                <managingTeacher>FRUAI0750736TPEIN711</managingTeacher>
            </Course>
        </root>
    </data>
</ns3:select_CourseResponse>
.
16:30:33.341 [main] DEBUG i.g.o.plaquette_mido_soap.Querier - Request: <?xml version="1.0" encoding="UTF-8" standalone="yes"?>
<ns2:select_Course xmlns:ns2="urn:ebx-schemas:dataservices_1.0">
    <branch>pvRefRof</branch>
    <instance>RefRof</instance>
    <predicate>courseID = 'FRUAI0750736TCOENA4AMIA-100-S2L1C3'</predicate>
</ns2:select_Course>
.
16:30:33.486 [main] DEBUG i.g.o.plaquette_mido_soap.Querier - Result: <?xml version="1.0" encoding="UTF-8" standalone="yes"?>
<ns3:select_CourseResponse xmlns:ns2="urn:ebx-schemas:deployment_1.0" xmlns:ns3="urn:ebx-schemas:dataservices_1.0">
    <data>
        <root>
            <Course>
                <courseID>FRUAI0750736TCOENA4AMIA-100-S2L1C3</courseID>
                <courseName>Organisation et communication</courseName>
                <volume>0</volume>
                <ects>3</ects>
                <teachingLang>fr</teachingLang>
                <courseDescription>
&lt;p&gt;Ce cours se donne pour objectif de permettre aux étudiants de :&lt;/p&gt;
&lt;p&gt;1) Comprendre et analyser le processus de changement et plus particulèrement d'innovation dans l'organisation de l'entreprise ;
               &lt;br/&gt; 2) Comprendre et maîtriser le mécanisme de la communication liés au processus de changement ;
               &lt;br/&gt; 3) Conduire efficacement des réunions et des négociations dans un processus de changement
            &lt;/p&gt;
&lt;p&gt;Ce cours comporte :&lt;/p&gt;
&lt;p&gt;1) Une partie "sociologie" qui développe différents aspects du processus de changement dans l'organisation et du processus ;
               &lt;br/&gt; 2) Une partie "communication" qui présente et analyse différents types d'interactions liés au processus de changement (conduite de réunion, négociation, gestion de conflit, etc...)
            &lt;/p&gt;
&lt;p/&gt;</courseDescription>
                <coefficient>
&lt;p&gt;Capitalisation : Non&lt;/p&gt;
&lt;br/&gt;</coefficient>
                <managingTeacher>FRUAI0750736TPEIN711</managingTeacher>
            </Course>
        </root>
    </data>
</ns3:select_CourseResponse>
.
16:30:33.490 [main] DEBUG i.g.o.plaquette_mido_soap.Querier - Request: <?xml version="1.0" encoding="UTF-8" standalone="yes"?>
<ns2:select_Course xmlns:ns2="urn:ebx-schemas:dataservices_1.0">
    <branch>pvRefRof</branch>
    <instance>RefRof</instance>
    <predicate>courseID = 'FRUAI0750736TCOENA4AMIA-100-S2L1C2'</predicate>
</ns2:select_Course>
.
16:30:33.632 [main] DEBUG i.g.o.plaquette_mido_soap.Querier - Result: <?xml version="1.0" encoding="UTF-8" standalone="yes"?>
<ns3:select_CourseResponse xmlns:ns2="urn:ebx-schemas:deployment_1.0" xmlns:ns3="urn:ebx-schemas:dataservices_1.0">
    <data>
        <root>
            <Course>
                <courseID>FRUAI0750736TCOENA4AMIA-100-S2L1C2</courseID>
                <courseName>Programmation Web</courseName>
                <volume>0</volume>
                <ects>3</ects>
                <teachingLang>fr</teachingLang>
                <courseDescription>
&lt;p&gt;Introduction to the construction of Web applications.&lt;/p&gt;
&lt;p&gt;The main topic of this class is the construction of modern web applications. cover the following two topics:
               &lt;br/&gt; Client-side programming with javascript.
               &lt;br/&gt; Server-side programming with JSP and servlets.
            &lt;/p&gt;
&lt;p/&gt;</courseDescription>
                <coefficient>
&lt;p&gt;Capitalisation : Non&lt;/p&gt;
&lt;br/&gt;</coefficient>
                <managingTeacher>FRUAI0750736TPEIN711</managingTeacher>
            </Course>
        </root>
    </data>
</ns3:select_CourseResponse>
.
16:30:33.639 [main] DEBUG i.g.o.plaquette_mido_soap.Querier - Request: <?xml version="1.0" encoding="UTF-8" standalone="yes"?>
<ns2:select_Course xmlns:ns2="urn:ebx-schemas:dataservices_1.0">
    <branch>pvRefRof</branch>
    <instance>RefRof</instance>
    <predicate>courseID = 'FRUAI0750736TCOENA4AMIA-100-S2L1C7'</predicate>
</ns2:select_Course>
.
16:30:33.788 [main] DEBUG i.g.o.plaquette_mido_soap.Querier - Result: <?xml version="1.0" encoding="UTF-8" standalone="yes"?>
<ns3:select_CourseResponse xmlns:ns2="urn:ebx-schemas:deployment_1.0" xmlns:ns3="urn:ebx-schemas:dataservices_1.0">
    <data>
        <root>
            <Course>
                <courseID>FRUAI0750736TCOENA4AMIA-100-S2L1C7</courseID>
                <courseName>Anglais 2</courseName>
                <volume>0</volume>
                <ects>2</ects>
                <teachingLang>fr</teachingLang>
                <courseDescription>
&lt;p&gt;Fournir aux étudiants les outils linguistiques nécessaires pour fonctionner efficacement dans l'entreprise et avec leurs partenaires européens.&lt;/p&gt;
&lt;p&gt; Expression orale / écrite : anglais des affaires, faire un compte rendu oral en public, rédiger, lettres, rapports, résumé de conférences, réunions.&lt;/p&gt;
&lt;p&gt;Préparation au TOEIC : Test of English for International Communication.
               &lt;br/&gt; Traduction Economique : Familiariser les étudiants avec la terminologie économique à partir de thèmes d'actualité. Travail en laboratoire et/ou en salle audiovisuelle à partir de documents authentiques.
            &lt;/p&gt;
&lt;p/&gt;</courseDescription>
                <coefficient>
&lt;p&gt;Capitalisation : Non&lt;/p&gt;
&lt;br/&gt;</coefficient>
                <managingTeacher>FRUAI0750736TPEIN711</managingTeacher>
            </Course>
        </root>
    </data>
</ns3:select_CourseResponse>
.
16:30:33.791 [main] DEBUG i.g.o.plaquette_mido_soap.Querier - Request: <?xml version="1.0" encoding="UTF-8" standalone="yes"?>
<ns2:select_Course xmlns:ns2="urn:ebx-schemas:dataservices_1.0">
    <branch>pvRefRof</branch>
    <instance>RefRof</instance>
    <predicate>courseID = 'FRUAI0750736TCOENA4AMIA-100-S2L1C8'</predicate>
</ns2:select_Course>
.
16:30:33.930 [main] DEBUG i.g.o.plaquette_mido_soap.Querier - Result: <?xml version="1.0" encoding="UTF-8" standalone="yes"?>
<ns3:select_CourseResponse xmlns:ns2="urn:ebx-schemas:deployment_1.0" xmlns:ns3="urn:ebx-schemas:dataservices_1.0">
    <data>
        <root>
            <Course>
                <courseID>FRUAI0750736TCOENA4AMIA-100-S2L1C8</courseID>
                <courseName>Bloc entreprise</courseName>
                <volume>0</volume>
                <ects>8</ects>
                <teachingLang>fr</teachingLang>
                <coefficient>
&lt;p&gt;Capitalisation : Non&lt;/p&gt;
&lt;br/&gt;</coefficient>
                <managingTeacher>FRUAI0750736TPEIN1122</managingTeacher>
            </Course>
        </root>
    </data>
</ns3:select_CourseResponse>
.
